2020-09-09T02:55:20+00:00 CRITICAL syntax error, unexpected ';' in /home/dfairwea/public_html/wp-content/themes/anotte-wp/functions.php on line 1670

2020-09-09T02:55:21+00:00 CRITICAL syntax error, unexpected ';' in /home/dfairwea/public_html/wp-content/themes/anotte-wp/functions.php on line 1670

2020-09-09T05:29:20+00:00 CRITICAL Uncaught Error: Call to undefined function cocobasic_allowed_html() in /home/dfairwea/public_html/wp-content/themes/anotte-wp/header.php:104
Stack trace:
#0 /home/dfairwea/public_html/wp-includes/template.php(730): require_once()
#1 /home/dfairwea/public_html/wp-includes/template.php(676): load_template('/home/dfairwea/...', true, Array)
#2 /home/dfairwea/public_html/wp-includes/general-template.php(48): locate_template(Array, true, true, Array)
#3 /home/dfairwea/public_html/wp-content/themes/anotte-wp/404.php(1): get_header()
#4 /home/dfairwea/public_html/wp-includes/template-loader.php(106): include('/home/dfairwea/...')
#5 /home/dfairwea/public_html/wp-blog-header.php(19): require_once('/home/dfairwea/...')
#6 /home/dfairwea/public_html/index.php(17): require('/home/dfairwea/...')
#7 {main}
  thrown in /home/dfairwea/public_html/wp-content/themes/anotte-wp/header.php on line 104

2020-09-09T05:29:21+00:00 CRITICAL Cannot use empty array elements in arrays in /home/dfairwea/public_html/wp-content/themes/anotte-wp/functions.php on line 1646

2020-09-09T05:29:22+00:00 CRITICAL Cannot use empty array elements in arrays in /home/dfairwea/public_html/wp-content/themes/anotte-wp/functions.php on line 1646

2020-09-09T05:29:54+00:00 CRITICAL Cannot use empty array elements in arrays in /home/dfairwea/public_html/wp-content/themes/anotte-wp/functions.php on line 1646

2020-09-09T05:29:55+00:00 CRITICAL Cannot use empty array elements in arrays in /home/dfairwea/public_html/wp-content/themes/anotte-wp/functions.php on line 1646

2020-09-09T05:30:51+00:00 CRITICAL Cannot use empty array elements in arrays in /home/dfairwea/public_html/wp-content/themes/anotte-wp/functions.php on line 1646

2020-09-09T05:30:52+00:00 CRITICAL Cannot use empty array elements in arrays in /home/dfairwea/public_html/wp-content/themes/anotte-wp/functions.php on line 1646

2020-09-09T05:31:08+00:00 CRITICAL Cannot use empty array elements in arrays in /home/dfairwea/public_html/wp-content/themes/anotte-wp/functions.php on line 1646

2020-09-09T05:33:26+00:00 CRITICAL Cannot use empty array elements in arrays in /home/dfairwea/public_html/wp-content/themes/anotte-wp/functions.php on line 1646

2020-09-09T05:33:35+00:00 CRITICAL Cannot use empty array elements in arrays in /home/dfairwea/public_html/wp-content/themes/anotte-wp/functions.php on line 1646

2020-09-09T05:33:36+00:00 CRITICAL Cannot use empty array elements in arrays in /home/dfairwea/public_html/wp-content/themes/anotte-wp/functions.php on line 1646

