2020-09-04T00:52:03+00:00 CRITICAL Uncaught Error: Call to a member function get_id() on null in /home/dfairwea/public_html/wp-content/themes/anotte-wp/page-templates/template-shop.php:162
Stack trace:
#0 /home/dfairwea/public_html/wp-includes/template-loader.php(106): include()
#1 /home/dfairwea/public_html/wp-blog-header.php(19): require_once('/home/dfairwea/...')
#2 /home/dfairwea/public_html/index.php(17): require('/home/dfairwea/...')
#3 {main}
  thrown in /home/dfairwea/public_html/wp-content/themes/anotte-wp/page-templates/template-shop.php on line 162

2020-09-04T00:52:19+00:00 CRITICAL Uncaught Error: Call to a member function get_id() on null in /home/dfairwea/public_html/wp-content/themes/anotte-wp/page-templates/template-shop.php:162
Stack trace:
#0 /home/dfairwea/public_html/wp-includes/template-loader.php(106): include()
#1 /home/dfairwea/public_html/wp-blog-header.php(19): require_once('/home/dfairwea/...')
#2 /home/dfairwea/public_html/index.php(17): require('/home/dfairwea/...')
#3 {main}
  thrown in /home/dfairwea/public_html/wp-content/themes/anotte-wp/page-templates/template-shop.php on line 162

2020-09-04T00:52:46+00:00 CRITICAL Uncaught Error: Call to a member function get_id() on null in /home/dfairwea/public_html/wp-content/themes/anotte-wp/page-templates/template-shop.php:162
Stack trace:
#0 /home/dfairwea/public_html/wp-includes/template-loader.php(106): include()
#1 /home/dfairwea/public_html/wp-blog-header.php(19): require_once('/home/dfairwea/...')
#2 /home/dfairwea/public_html/index.php(17): require('/home/dfairwea/...')
#3 {main}
  thrown in /home/dfairwea/public_html/wp-content/themes/anotte-wp/page-templates/template-shop.php on line 162

2020-09-04T00:53:13+00:00 CRITICAL Uncaught Error: Call to a member function get_id() on null in /home/dfairwea/public_html/wp-content/themes/anotte-wp/page-templates/template-shop.php:162
Stack trace:
#0 /home/dfairwea/public_html/wp-includes/template-loader.php(106): include()
#1 /home/dfairwea/public_html/wp-blog-header.php(19): require_once('/home/dfairwea/...')
#2 /home/dfairwea/public_html/index.php(17): require('/home/dfairwea/...')
#3 {main}
  thrown in /home/dfairwea/public_html/wp-content/themes/anotte-wp/page-templates/template-shop.php on line 162

2020-09-04T00:56:29+00:00 CRITICAL Uncaught Error: Call to a member function get_id() on null in /home/dfairwea/public_html/wp-content/themes/anotte-wp/page-templates/template-shop.php:163
Stack trace:
#0 /home/dfairwea/public_html/wp-includes/template-loader.php(106): include()
#1 /home/dfairwea/public_html/wp-blog-header.php(19): require_once('/home/dfairwea/...')
#2 /home/dfairwea/public_html/index.php(17): require('/home/dfairwea/...')
#3 {main}
  thrown in /home/dfairwea/public_html/wp-content/themes/anotte-wp/page-templates/template-shop.php on line 163

2020-09-04T02:14:14+00:00 CRITICAL Cannot redeclare cocobasic_carousel_slide() (previously declared in /home/dfairwea/public_html/wp-content/plugins/cocobasic-shortcode/cocobasic-shortcode.php:1103) in /home/dfairwea/public_html/wp-content/themes/anotte-wp/functions.php on line 1318

2020-09-04T02:16:38+00:00 CRITICAL Uncaught Error: Call to undefined function cocobasic_allowed_html() in /home/dfairwea/public_html/wp-content/themes/anotte-wp/header.php:104
Stack trace:
#0 /home/dfairwea/public_html/wp-includes/template.php(730): require_once()
#1 /home/dfairwea/public_html/wp-includes/template.php(676): load_template('/home/dfairwea/...', true, Array)
#2 /home/dfairwea/public_html/wp-includes/general-template.php(48): locate_template(Array, true, true, Array)
#3 /home/dfairwea/public_html/wp-content/plugins/cocobasic-shortcode/templates/page-carousel.php(7): get_header()
#4 /home/dfairwea/public_html/wp-includes/template-loader.php(106): include('/home/dfairwea/...')
#5 /home/dfairwea/public_html/wp-blog-header.php(19): require_once('/home/dfairwea/...')
#6 /home/dfairwea/public_html/index.php(17): require('/home/dfairwea/...')
#7 {main}
  thrown in /home/dfairwea/public_html/wp-content/themes/anotte-wp/header.php on line 104

2020-09-04T02:16:38+00:00 CRITICAL Uncaught Error: Call to undefined function cocobasic_allowed_html() in /home/dfairwea/public_html/wp-content/themes/anotte-wp/header.php:104
Stack trace:
#0 /home/dfairwea/public_html/wp-includes/template.php(730): require_once()
#1 /home/dfairwea/public_html/wp-includes/template.php(676): load_template('/home/dfairwea/...', true, Array)
#2 /home/dfairwea/public_html/wp-includes/general-template.php(48): locate_template(Array, true, true, Array)
#3 /home/dfairwea/public_html/wp-content/plugins/cocobasic-shortcode/templates/page-carousel.php(7): get_header()
#4 /home/dfairwea/public_html/wp-includes/template-loader.php(106): include('/home/dfairwea/...')
#5 /home/dfairwea/public_html/wp-blog-header.php(19): require_once('/home/dfairwea/...')
#6 /home/dfairwea/public_html/index.php(17): require('/home/dfairwea/...')
#7 {main}
  thrown in /home/dfairwea/public_html/wp-content/themes/anotte-wp/header.php on line 104

2020-09-04T02:16:39+00:00 CRITICAL syntax error, unexpected end of file in /home/dfairwea/public_html/wp-content/themes/anotte-wp/functions.php on line 1285

2020-09-04T02:52:01+00:00 CRITICAL Uncaught ArgumentCountError: Too few arguments to function shortcode_atts(), 1 passed in /home/dfairwea/public_html/wp-content/themes/anotte-wp/functions.php on line 1261 and at least 2 expected in /home/dfairwea/public_html/wp-includes/shortcodes.php:571
Stack trace:
#0 /home/dfairwea/public_html/wp-content/themes/anotte-wp/functions.php(1261): shortcode_atts(Array)
#1 /home/dfairwea/public_html/wp-includes/shortcodes.php(343): create_breadcrum(Array, '', 'breadcrum')
#2 [internal function]: do_shortcode_tag(Array)
#3 /home/dfairwea/public_html/wp-includes/shortcodes.php(218): preg_replace_callback('/\\[(\\[?)(breadc...', 'do_shortcode_ta...', '[breadcrum name...')
#4 /home/dfairwea/public_html/wp-content/themes/anotte-wp/functions.php(1291): do_shortcode('[breadcrum name...')
#5 /home/dfairwea/public_html/wp-includes/shortcodes.php(343): custom_carousel_slide(Array, ' &#8220;Our adm...', 'custom_carousel...')
#6 [internal function]: do_shortcode_tag(Array)
#7 /home/dfairwea/public_html/wp-includes/shortcode in /home/dfairwea/public_html/wp-includes/shortcodes.php on line 571

2020-09-04T02:52:08+00:00 CRITICAL Uncaught ArgumentCountError: Too few arguments to function shortcode_atts(), 1 passed in /home/dfairwea/public_html/wp-content/themes/anotte-wp/functions.php on line 1261 and at least 2 expected in /home/dfairwea/public_html/wp-includes/shortcodes.php:571
Stack trace:
#0 /home/dfairwea/public_html/wp-content/themes/anotte-wp/functions.php(1261): shortcode_atts(Array)
#1 /home/dfairwea/public_html/wp-includes/shortcodes.php(343): create_breadcrum(Array, '', 'breadcrum')
#2 [internal function]: do_shortcode_tag(Array)
#3 /home/dfairwea/public_html/wp-includes/shortcodes.php(218): preg_replace_callback('/\\[(\\[?)(breadc...', 'do_shortcode_ta...', '[breadcrum name...')
#4 /home/dfairwea/public_html/wp-content/themes/anotte-wp/functions.php(1291): do_shortcode('[breadcrum name...')
#5 /home/dfairwea/public_html/wp-includes/shortcodes.php(343): custom_carousel_slide(Array, ' &#8220;Our adm...', 'custom_carousel...')
#6 [internal function]: do_shortcode_tag(Array)
#7 /home/dfairwea/public_html/wp-includes/shortcode in /home/dfairwea/public_html/wp-includes/shortcodes.php on line 571

2020-09-04T02:52:38+00:00 CRITICAL Uncaught ArgumentCountError: Too few arguments to function shortcode_atts(), 1 passed in /home/dfairwea/public_html/wp-content/themes/anotte-wp/functions.php on line 1261 and at least 2 expected in /home/dfairwea/public_html/wp-includes/shortcodes.php:571
Stack trace:
#0 /home/dfairwea/public_html/wp-content/themes/anotte-wp/functions.php(1261): shortcode_atts(Array)
#1 /home/dfairwea/public_html/wp-includes/shortcodes.php(343): create_breadcrum(Array, '', 'breadcrum')
#2 [internal function]: do_shortcode_tag(Array)
#3 /home/dfairwea/public_html/wp-includes/shortcodes.php(218): preg_replace_callback('/\\[(\\[?)(breadc...', 'do_shortcode_ta...', '[breadcrum name...')
#4 /home/dfairwea/public_html/wp-content/themes/anotte-wp/functions.php(1292): do_shortcode('[breadcrum name...')
#5 /home/dfairwea/public_html/wp-includes/shortcodes.php(343): custom_carousel_slide(Array, ' &#8220;Our adm...', 'custom_carousel...')
#6 [internal function]: do_shortcode_tag(Array)
#7 /home/dfairwea/public_html/wp-includes/shortcode in /home/dfairwea/public_html/wp-includes/shortcodes.php on line 571

2020-09-04T02:52:46+00:00 CRITICAL Uncaught ArgumentCountError: Too few arguments to function shortcode_atts(), 1 passed in /home/dfairwea/public_html/wp-content/themes/anotte-wp/functions.php on line 1261 and at least 2 expected in /home/dfairwea/public_html/wp-includes/shortcodes.php:571
Stack trace:
#0 /home/dfairwea/public_html/wp-content/themes/anotte-wp/functions.php(1261): shortcode_atts(Array)
#1 /home/dfairwea/public_html/wp-includes/shortcodes.php(343): create_breadcrum(Array, '', 'breadcrum')
#2 [internal function]: do_shortcode_tag(Array)
#3 /home/dfairwea/public_html/wp-includes/shortcodes.php(218): preg_replace_callback('/\\[(\\[?)(breadc...', 'do_shortcode_ta...', '[breadcrum name...')
#4 /home/dfairwea/public_html/wp-content/themes/anotte-wp/functions.php(1291): do_shortcode('[breadcrum name...')
#5 /home/dfairwea/public_html/wp-includes/shortcodes.php(343): custom_carousel_slide(Array, ' &#8220;Our adm...', 'custom_carousel...')
#6 [internal function]: do_shortcode_tag(Array)
#7 /home/dfairwea/public_html/wp-includes/shortcode in /home/dfairwea/public_html/wp-includes/shortcodes.php on line 571

2020-09-04T02:52:49+00:00 CRITICAL Uncaught ArgumentCountError: Too few arguments to function shortcode_atts(), 1 passed in /home/dfairwea/public_html/wp-content/themes/anotte-wp/functions.php on line 1261 and at least 2 expected in /home/dfairwea/public_html/wp-includes/shortcodes.php:571
Stack trace:
#0 /home/dfairwea/public_html/wp-content/themes/anotte-wp/functions.php(1261): shortcode_atts(Array)
#1 /home/dfairwea/public_html/wp-includes/shortcodes.php(343): create_breadcrum(Array, '', 'breadcrum')
#2 [internal function]: do_shortcode_tag(Array)
#3 /home/dfairwea/public_html/wp-includes/shortcodes.php(218): preg_replace_callback('/\\[(\\[?)(breadc...', 'do_shortcode_ta...', '[breadcrum name...')
#4 /home/dfairwea/public_html/wp-content/themes/anotte-wp/functions.php(1291): do_shortcode('[breadcrum name...')
#5 /home/dfairwea/public_html/wp-includes/shortcodes.php(343): custom_carousel_slide(Array, ' &#8220;Our adm...', 'custom_carousel...')
#6 [internal function]: do_shortcode_tag(Array)
#7 /home/dfairwea/public_html/wp-includes/shortcode in /home/dfairwea/public_html/wp-includes/shortcodes.php on line 571

2020-09-04T02:53:04+00:00 CRITICAL Uncaught ArgumentCountError: Too few arguments to function shortcode_atts(), 1 passed in /home/dfairwea/public_html/wp-content/themes/anotte-wp/functions.php on line 1261 and at least 2 expected in /home/dfairwea/public_html/wp-includes/shortcodes.php:571
Stack trace:
#0 /home/dfairwea/public_html/wp-content/themes/anotte-wp/functions.php(1261): shortcode_atts(Array)
#1 /home/dfairwea/public_html/wp-includes/shortcodes.php(343): create_breadcrum(Array, '', 'breadcrum')
#2 [internal function]: do_shortcode_tag(Array)
#3 /home/dfairwea/public_html/wp-includes/shortcodes.php(218): preg_replace_callback('/\\[(\\[?)(breadc...', 'do_shortcode_ta...', '[breadcrum name...')
#4 /home/dfairwea/public_html/wp-content/themes/anotte-wp/functions.php(1292): do_shortcode('[breadcrum name...')
#5 /home/dfairwea/public_html/wp-includes/shortcodes.php(343): custom_carousel_slide(Array, ' &#8220;Our adm...', 'custom_carousel...')
#6 [internal function]: do_shortcode_tag(Array)
#7 /home/dfairwea/public_html/wp-includes/shortcode in /home/dfairwea/public_html/wp-includes/shortcodes.php on line 571

2020-09-04T02:53:06+00:00 CRITICAL Uncaught ArgumentCountError: Too few arguments to function shortcode_atts(), 1 passed in /home/dfairwea/public_html/wp-content/themes/anotte-wp/functions.php on line 1261 and at least 2 expected in /home/dfairwea/public_html/wp-includes/shortcodes.php:571
Stack trace:
#0 /home/dfairwea/public_html/wp-content/themes/anotte-wp/functions.php(1261): shortcode_atts(Array)
#1 /home/dfairwea/public_html/wp-includes/shortcodes.php(343): create_breadcrum(Array, '', 'breadcrum')
#2 [internal function]: do_shortcode_tag(Array)
#3 /home/dfairwea/public_html/wp-includes/shortcodes.php(218): preg_replace_callback('/\\[(\\[?)(breadc...', 'do_shortcode_ta...', '[breadcrum name...')
#4 /home/dfairwea/public_html/wp-content/themes/anotte-wp/functions.php(1292): do_shortcode('[breadcrum name...')
#5 /home/dfairwea/public_html/wp-includes/shortcodes.php(343): custom_carousel_slide(Array, ' &#8220;Our adm...', 'custom_carousel...')
#6 [internal function]: do_shortcode_tag(Array)
#7 /home/dfairwea/public_html/wp-includes/shortcode in /home/dfairwea/public_html/wp-includes/shortcodes.php on line 571

2020-09-04T02:53:08+00:00 CRITICAL Uncaught ArgumentCountError: Too few arguments to function shortcode_atts(), 1 passed in /home/dfairwea/public_html/wp-content/themes/anotte-wp/functions.php on line 1261 and at least 2 expected in /home/dfairwea/public_html/wp-includes/shortcodes.php:571
Stack trace:
#0 /home/dfairwea/public_html/wp-content/themes/anotte-wp/functions.php(1261): shortcode_atts(Array)
#1 /home/dfairwea/public_html/wp-includes/shortcodes.php(343): create_breadcrum(Array, '', 'breadcrum')
#2 [internal function]: do_shortcode_tag(Array)
#3 /home/dfairwea/public_html/wp-includes/shortcodes.php(218): preg_replace_callback('/\\[(\\[?)(breadc...', 'do_shortcode_ta...', '[breadcrum name...')
#4 /home/dfairwea/public_html/wp-content/themes/anotte-wp/functions.php(1292): do_shortcode('[breadcrum name...')
#5 /home/dfairwea/public_html/wp-includes/shortcodes.php(343): custom_carousel_slide(Array, ' &#8220;Our adm...', 'custom_carousel...')
#6 [internal function]: do_shortcode_tag(Array)
#7 /home/dfairwea/public_html/wp-includes/shortcode in /home/dfairwea/public_html/wp-includes/shortcodes.php on line 571

2020-09-04T02:54:09+00:00 CRITICAL Uncaught ArgumentCountError: Too few arguments to function shortcode_atts(), 1 passed in /home/dfairwea/public_html/wp-content/themes/anotte-wp/functions.php on line 1261 and at least 2 expected in /home/dfairwea/public_html/wp-includes/shortcodes.php:571
Stack trace:
#0 /home/dfairwea/public_html/wp-content/themes/anotte-wp/functions.php(1261): shortcode_atts(Array)
#1 /home/dfairwea/public_html/wp-includes/shortcodes.php(343): create_breadcrum(Array, '', 'breadcrum')
#2 [internal function]: do_shortcode_tag(Array)
#3 /home/dfairwea/public_html/wp-includes/shortcodes.php(218): preg_replace_callback('/\\[(\\[?)(breadc...', 'do_shortcode_ta...', '[breadcrum name...')
#4 /home/dfairwea/public_html/wp-content/themes/anotte-wp/functions.php(1292): do_shortcode('[breadcrum name...')
#5 /home/dfairwea/public_html/wp-includes/shortcodes.php(343): custom_carousel_slide(Array, ' &#8220;Our adm...', 'custom_carousel...')
#6 [internal function]: do_shortcode_tag(Array)
#7 /home/dfairwea/public_html/wp-includes/shortcode in /home/dfairwea/public_html/wp-includes/shortcodes.php on line 571

2020-09-04T02:54:12+00:00 CRITICAL Uncaught ArgumentCountError: Too few arguments to function shortcode_atts(), 1 passed in /home/dfairwea/public_html/wp-content/themes/anotte-wp/functions.php on line 1261 and at least 2 expected in /home/dfairwea/public_html/wp-includes/shortcodes.php:571
Stack trace:
#0 /home/dfairwea/public_html/wp-content/themes/anotte-wp/functions.php(1261): shortcode_atts(Array)
#1 /home/dfairwea/public_html/wp-includes/shortcodes.php(343): create_breadcrum(Array, '', 'breadcrum')
#2 [internal function]: do_shortcode_tag(Array)
#3 /home/dfairwea/public_html/wp-includes/shortcodes.php(218): preg_replace_callback('/\\[(\\[?)(breadc...', 'do_shortcode_ta...', '[breadcrum name...')
#4 /home/dfairwea/public_html/wp-content/themes/anotte-wp/functions.php(1292): do_shortcode('[breadcrum name...')
#5 /home/dfairwea/public_html/wp-includes/shortcodes.php(343): custom_carousel_slide(Array, ' &#8220;Our adm...', 'custom_carousel...')
#6 [internal function]: do_shortcode_tag(Array)
#7 /home/dfairwea/public_html/wp-includes/shortcode in /home/dfairwea/public_html/wp-includes/shortcodes.php on line 571

2020-09-04T02:54:33+00:00 CRITICAL Uncaught ArgumentCountError: Too few arguments to function shortcode_atts(), 1 passed in /home/dfairwea/public_html/wp-content/themes/anotte-wp/functions.php on line 1261 and at least 2 expected in /home/dfairwea/public_html/wp-includes/shortcodes.php:571
Stack trace:
#0 /home/dfairwea/public_html/wp-content/themes/anotte-wp/functions.php(1261): shortcode_atts(Array)
#1 /home/dfairwea/public_html/wp-includes/shortcodes.php(343): create_breadcrum(Array, '', 'breadcrum')
#2 [internal function]: do_shortcode_tag(Array)
#3 /home/dfairwea/public_html/wp-includes/shortcodes.php(218): preg_replace_callback('/\\[(\\[?)(breadc...', 'do_shortcode_ta...', '[breadcrum name...')
#4 /home/dfairwea/public_html/wp-content/themes/anotte-wp/functions.php(1292): do_shortcode('[breadcrum name...')
#5 /home/dfairwea/public_html/wp-includes/shortcodes.php(343): custom_carousel_slide(Array, ' &#8220;Our adm...', 'custom_carousel...')
#6 [internal function]: do_shortcode_tag(Array)
#7 /home/dfairwea/public_html/wp-includes/shortcode in /home/dfairwea/public_html/wp-includes/shortcodes.php on line 571

2020-09-04T02:55:08+00:00 CRITICAL Uncaught ArgumentCountError: Too few arguments to function shortcode_atts(), 1 passed in /home/dfairwea/public_html/wp-content/themes/anotte-wp/functions.php on line 1261 and at least 2 expected in /home/dfairwea/public_html/wp-includes/shortcodes.php:571
Stack trace:
#0 /home/dfairwea/public_html/wp-content/themes/anotte-wp/functions.php(1261): shortcode_atts(Array)
#1 /home/dfairwea/public_html/wp-includes/shortcodes.php(343): create_breadcrum(Array, '', 'breadcrum')
#2 [internal function]: do_shortcode_tag(Array)
#3 /home/dfairwea/public_html/wp-includes/shortcodes.php(218): preg_replace_callback('/\\[(\\[?)(breadc...', 'do_shortcode_ta...', '[breadcrum name...')
#4 /home/dfairwea/public_html/wp-content/themes/anotte-wp/functions.php(1292): do_shortcode('[breadcrum name...')
#5 /home/dfairwea/public_html/wp-includes/shortcodes.php(343): custom_carousel_slide(Array, ' &#8220;Our adm...', 'custom_carousel...')
#6 [internal function]: do_shortcode_tag(Array)
#7 /home/dfairwea/public_html/wp-includes/shortcode in /home/dfairwea/public_html/wp-includes/shortcodes.php on line 571

2020-09-04T02:56:50+00:00 CRITICAL Uncaught Error: Call to undefined function cocobasic_allowed_html() in /home/dfairwea/public_html/wp-content/themes/anotte-wp/header.php:104
Stack trace:
#0 /home/dfairwea/public_html/wp-includes/template.php(730): require_once()
#1 /home/dfairwea/public_html/wp-includes/template.php(676): load_template('/home/dfairwea/...', true, Array)
#2 /home/dfairwea/public_html/wp-includes/general-template.php(48): locate_template(Array, true, true, Array)
#3 /home/dfairwea/public_html/wp-content/themes/anotte-wp/page-templates/template-shop.php(13): get_header()
#4 /home/dfairwea/public_html/wp-includes/template-loader.php(106): include('/home/dfairwea/...')
#5 /home/dfairwea/public_html/wp-blog-header.php(19): require_once('/home/dfairwea/...')
#6 /home/dfairwea/public_html/index.php(17): require('/home/dfairwea/...')
#7 {main}
  thrown in /home/dfairwea/public_html/wp-content/themes/anotte-wp/header.php on line 104

2020-09-04T02:57:29+00:00 CRITICAL Uncaught ArgumentCountError: Too few arguments to function shortcode_atts(), 1 passed in /home/dfairwea/public_html/wp-content/themes/anotte-wp/functions.php on line 1261 and at least 2 expected in /home/dfairwea/public_html/wp-includes/shortcodes.php:571
Stack trace:
#0 /home/dfairwea/public_html/wp-content/themes/anotte-wp/functions.php(1261): shortcode_atts(Array)
#1 /home/dfairwea/public_html/wp-includes/shortcodes.php(343): create_breadcrum(Array, '', 'breadcrum')
#2 [internal function]: do_shortcode_tag(Array)
#3 /home/dfairwea/public_html/wp-includes/shortcodes.php(218): preg_replace_callback('/\\[(\\[?)(breadc...', 'do_shortcode_ta...', '[breadcrum name...')
#4 /home/dfairwea/public_html/wp-content/themes/anotte-wp/functions.php(1292): do_shortcode('[breadcrum name...')
#5 /home/dfairwea/public_html/wp-includes/shortcodes.php(343): custom_carousel_slide(Array, ' &#8220;Our adm...', 'custom_carousel...')
#6 [internal function]: do_shortcode_tag(Array)
#7 /home/dfairwea/public_html/wp-includes/shortcode in /home/dfairwea/public_html/wp-includes/shortcodes.php on line 571

2020-09-04T02:57:52+00:00 CRITICAL Uncaught ArgumentCountError: Too few arguments to function shortcode_atts(), 1 passed in /home/dfairwea/public_html/wp-content/themes/anotte-wp/functions.php on line 1261 and at least 2 expected in /home/dfairwea/public_html/wp-includes/shortcodes.php:571
Stack trace:
#0 /home/dfairwea/public_html/wp-content/themes/anotte-wp/functions.php(1261): shortcode_atts(Array)
#1 /home/dfairwea/public_html/wp-includes/shortcodes.php(343): create_breadcrum(Array, '', 'breadcrum')
#2 [internal function]: do_shortcode_tag(Array)
#3 /home/dfairwea/public_html/wp-includes/shortcodes.php(218): preg_replace_callback('/\\[(\\[?)(breadc...', 'do_shortcode_ta...', '[breadcrum name...')
#4 /home/dfairwea/public_html/wp-content/themes/anotte-wp/functions.php(1292): do_shortcode('[breadcrum name...')
#5 /home/dfairwea/public_html/wp-includes/shortcodes.php(343): custom_carousel_slide(Array, ' &#8220;Our adm...', 'custom_carousel...')
#6 [internal function]: do_shortcode_tag(Array)
#7 /home/dfairwea/public_html/wp-includes/shortcode in /home/dfairwea/public_html/wp-includes/shortcodes.php on line 571

2020-09-04T02:57:57+00:00 CRITICAL Uncaught ArgumentCountError: Too few arguments to function shortcode_atts(), 1 passed in /home/dfairwea/public_html/wp-content/themes/anotte-wp/functions.php on line 1261 and at least 2 expected in /home/dfairwea/public_html/wp-includes/shortcodes.php:571
Stack trace:
#0 /home/dfairwea/public_html/wp-content/themes/anotte-wp/functions.php(1261): shortcode_atts(Array)
#1 /home/dfairwea/public_html/wp-includes/shortcodes.php(343): create_breadcrum(Array, '', 'breadcrum')
#2 [internal function]: do_shortcode_tag(Array)
#3 /home/dfairwea/public_html/wp-includes/shortcodes.php(218): preg_replace_callback('/\\[(\\[?)(breadc...', 'do_shortcode_ta...', '[breadcrum name...')
#4 /home/dfairwea/public_html/wp-content/themes/anotte-wp/functions.php(1292): do_shortcode('[breadcrum name...')
#5 /home/dfairwea/public_html/wp-includes/shortcodes.php(343): custom_carousel_slide(Array, ' &#8220;Our adm...', 'custom_carousel...')
#6 [internal function]: do_shortcode_tag(Array)
#7 /home/dfairwea/public_html/wp-includes/shortcode in /home/dfairwea/public_html/wp-includes/shortcodes.php on line 571

2020-09-04T02:58:11+00:00 CRITICAL Uncaught ArgumentCountError: Too few arguments to function shortcode_atts(), 1 passed in /home/dfairwea/public_html/wp-content/themes/anotte-wp/functions.php on line 1261 and at least 2 expected in /home/dfairwea/public_html/wp-includes/shortcodes.php:571
Stack trace:
#0 /home/dfairwea/public_html/wp-content/themes/anotte-wp/functions.php(1261): shortcode_atts(Array)
#1 /home/dfairwea/public_html/wp-includes/shortcodes.php(343): create_breadcrum(Array, '', 'breadcrum')
#2 [internal function]: do_shortcode_tag(Array)
#3 /home/dfairwea/public_html/wp-includes/shortcodes.php(218): preg_replace_callback('/\\[(\\[?)(breadc...', 'do_shortcode_ta...', '[breadcrum name...')
#4 /home/dfairwea/public_html/wp-content/themes/anotte-wp/functions.php(1292): do_shortcode('[breadcrum name...')
#5 /home/dfairwea/public_html/wp-includes/shortcodes.php(343): custom_carousel_slide(Array, ' &#8220;Our adm...', 'custom_carousel...')
#6 [internal function]: do_shortcode_tag(Array)
#7 /home/dfairwea/public_html/wp-includes/shortcode in /home/dfairwea/public_html/wp-includes/shortcodes.php on line 571

2020-09-04T03:37:56+00:00 CRITICAL Object of class WP_Term could not be converted to string in /home/dfairwea/public_html/wp-content/themes/anotte-wp/functions.php on line 1282

2020-09-04T03:51:02+00:00 CRITICAL Uncaught Error: Call to a member function get_queried_object() on null in /home/dfairwea/public_html/wp-content/themes/anotte-wp/functions.php:1283
Stack trace:
#0 /home/dfairwea/public_html/wp-includes/shortcodes.php(343): create_breadcrum(Array, '', 'breadcrum')
#1 [internal function]: do_shortcode_tag(Array)
#2 /home/dfairwea/public_html/wp-includes/shortcodes.php(218): preg_replace_callback('/\\[(\\[?)(breadc...', 'do_shortcode_ta...', '\n[breadcrum nam...')
#3 /home/dfairwea/public_html/wp-includes/class-wp-hook.php(287): do_shortcode('\n[breadcrum nam...')
#4 /home/dfairwea/public_html/wp-includes/plugin.php(206): WP_Hook->apply_filters('\n[breadcrum nam...', Array)
#5 /home/dfairwea/public_html/wp-includes/rest-api/endpoints/class-wp-rest-posts-controller.php(1683): apply_filters('the_content', '<!-- wp:paragra...')
#6 /home/dfairwea/public_html/wp-includes/rest-api/endpoints/class-wp-rest-posts-controller.php(831): WP_REST_Posts_Controller->prepare_item_for_response(Object(WP_Post), Object(WP_REST_Req in /home/dfairwea/public_html/wp-content/themes/anotte-wp/functions.php on line 1283

2020-09-04T03:51:04+00:00 CRITICAL Uncaught Error: Call to a member function get_queried_object() on null in /home/dfairwea/public_html/wp-content/themes/anotte-wp/functions.php:1283
Stack trace:
#0 /home/dfairwea/public_html/wp-includes/shortcodes.php(343): create_breadcrum(Array, '', 'breadcrum')
#1 [internal function]: do_shortcode_tag(Array)
#2 /home/dfairwea/public_html/wp-includes/shortcodes.php(218): preg_replace_callback('/\\[(\\[?)(breadc...', 'do_shortcode_ta...', '\n[breadcrum nam...')
#3 /home/dfairwea/public_html/wp-includes/class-wp-hook.php(287): do_shortcode('\n[breadcrum nam...')
#4 /home/dfairwea/public_html/wp-includes/plugin.php(206): WP_Hook->apply_filters('\n[breadcrum nam...', Array)
#5 /home/dfairwea/public_html/wp-includes/rest-api/endpoints/class-wp-rest-posts-controller.php(1683): apply_filters('the_content', '<!-- wp:paragra...')
#6 /home/dfairwea/public_html/wp-includes/rest-api/endpoints/class-wp-rest-posts-controller.php(505): WP_REST_Posts_Controller->prepare_item_for_response(Object(WP_Post), Object(WP_REST_Req in /home/dfairwea/public_html/wp-content/themes/anotte-wp/functions.php on line 1283

2020-09-04T03:51:22+00:00 CRITICAL Uncaught Error: Call to a member function get_queried_object() on null in /home/dfairwea/public_html/wp-content/themes/anotte-wp/functions.php:1283
Stack trace:
#0 /home/dfairwea/public_html/wp-includes/shortcodes.php(343): create_breadcrum(Array, '', 'breadcrum')
#1 [internal function]: do_shortcode_tag(Array)
#2 /home/dfairwea/public_html/wp-includes/shortcodes.php(218): preg_replace_callback('/\\[(\\[?)(breadc...', 'do_shortcode_ta...', '\n[breadcrum nam...')
#3 /home/dfairwea/public_html/wp-includes/class-wp-hook.php(287): do_shortcode('\n[breadcrum nam...')
#4 /home/dfairwea/public_html/wp-includes/plugin.php(206): WP_Hook->apply_filters('\n[breadcrum nam...', Array)
#5 /home/dfairwea/public_html/wp-includes/rest-api/endpoints/class-wp-rest-posts-controller.php(1683): apply_filters('the_content', '<!-- wp:paragra...')
#6 /home/dfairwea/public_html/wp-includes/rest-api/endpoints/class-wp-rest-posts-controller.php(505): WP_REST_Posts_Controller->prepare_item_for_response(Object(WP_Post), Object(WP_REST_Req in /home/dfairwea/public_html/wp-content/themes/anotte-wp/functions.php on line 1283

2020-09-04T03:51:28+00:00 CRITICAL Uncaught Error: Call to a member function get_queried_object() on null in /home/dfairwea/public_html/wp-content/themes/anotte-wp/functions.php:1283
Stack trace:
#0 /home/dfairwea/public_html/wp-includes/shortcodes.php(343): create_breadcrum(Array, '', 'breadcrum')
#1 [internal function]: do_shortcode_tag(Array)
#2 /home/dfairwea/public_html/wp-includes/shortcodes.php(218): preg_replace_callback('/\\[(\\[?)(breadc...', 'do_shortcode_ta...', '\n[breadcrum nam...')
#3 /home/dfairwea/public_html/wp-includes/class-wp-hook.php(287): do_shortcode('\n[breadcrum nam...')
#4 /home/dfairwea/public_html/wp-includes/plugin.php(206): WP_Hook->apply_filters('\n[breadcrum nam...', Array)
#5 /home/dfairwea/public_html/wp-includes/rest-api/endpoints/class-wp-rest-posts-controller.php(1683): apply_filters('the_content', '<!-- wp:paragra...')
#6 /home/dfairwea/public_html/wp-includes/rest-api/endpoints/class-wp-rest-posts-controller.php(505): WP_REST_Posts_Controller->prepare_item_for_response(Object(WP_Post), Object(WP_REST_Req in /home/dfairwea/public_html/wp-content/themes/anotte-wp/functions.php on line 1283

2020-09-04T03:51:44+00:00 CRITICAL Uncaught Error: Call to a member function get_queried_object() on null in /home/dfairwea/public_html/wp-content/themes/anotte-wp/functions.php:1283
Stack trace:
#0 /home/dfairwea/public_html/wp-includes/shortcodes.php(343): create_breadcrum(Array, '', 'breadcrum')
#1 [internal function]: do_shortcode_tag(Array)
#2 /home/dfairwea/public_html/wp-includes/shortcodes.php(218): preg_replace_callback('/\\[(\\[?)(breadc...', 'do_shortcode_ta...', '\n[breadcrum nam...')
#3 /home/dfairwea/public_html/wp-includes/class-wp-hook.php(287): do_shortcode('\n[breadcrum nam...')
#4 /home/dfairwea/public_html/wp-includes/plugin.php(206): WP_Hook->apply_filters('\n[breadcrum nam...', Array)
#5 /home/dfairwea/public_html/wp-includes/rest-api/endpoints/class-wp-rest-posts-controller.php(1683): apply_filters('the_content', '<!-- wp:paragra...')
#6 /home/dfairwea/public_html/wp-includes/rest-api/endpoints/class-wp-rest-posts-controller.php(505): WP_REST_Posts_Controller->prepare_item_for_response(Object(WP_Post), Object(WP_REST_Req in /home/dfairwea/public_html/wp-content/themes/anotte-wp/functions.php on line 1283

2020-09-04T03:51:49+00:00 CRITICAL Uncaught Error: Call to a member function get_queried_object() on null in /home/dfairwea/public_html/wp-content/themes/anotte-wp/functions.php:1283
Stack trace:
#0 /home/dfairwea/public_html/wp-includes/shortcodes.php(343): create_breadcrum(Array, '', 'breadcrum')
#1 [internal function]: do_shortcode_tag(Array)
#2 /home/dfairwea/public_html/wp-includes/shortcodes.php(218): preg_replace_callback('/\\[(\\[?)(breadc...', 'do_shortcode_ta...', '\n[breadcrum nam...')
#3 /home/dfairwea/public_html/wp-includes/class-wp-hook.php(287): do_shortcode('\n[breadcrum nam...')
#4 /home/dfairwea/public_html/wp-includes/plugin.php(206): WP_Hook->apply_filters('\n[breadcrum nam...', Array)
#5 /home/dfairwea/public_html/wp-includes/rest-api/endpoints/class-wp-rest-posts-controller.php(1683): apply_filters('the_content', '<!-- wp:paragra...')
#6 /home/dfairwea/public_html/wp-includes/rest-api/endpoints/class-wp-rest-posts-controller.php(505): WP_REST_Posts_Controller->prepare_item_for_response(Object(WP_Post), Object(WP_REST_Req in /home/dfairwea/public_html/wp-content/themes/anotte-wp/functions.php on line 1283

2020-09-04T03:51:55+00:00 CRITICAL Uncaught Error: Call to a member function get_queried_object() on null in /home/dfairwea/public_html/wp-content/themes/anotte-wp/functions.php:1283
Stack trace:
#0 /home/dfairwea/public_html/wp-includes/shortcodes.php(343): create_breadcrum(Array, '', 'breadcrum')
#1 [internal function]: do_shortcode_tag(Array)
#2 /home/dfairwea/public_html/wp-includes/shortcodes.php(218): preg_replace_callback('/\\[(\\[?)(breadc...', 'do_shortcode_ta...', '\n[breadcrum nam...')
#3 /home/dfairwea/public_html/wp-includes/class-wp-hook.php(287): do_shortcode('\n[breadcrum nam...')
#4 /home/dfairwea/public_html/wp-includes/plugin.php(206): WP_Hook->apply_filters('\n[breadcrum nam...', Array)
#5 /home/dfairwea/public_html/wp-includes/rest-api/endpoints/class-wp-rest-posts-controller.php(1683): apply_filters('the_content', '<!-- wp:paragra...')
#6 /home/dfairwea/public_html/wp-includes/rest-api/endpoints/class-wp-rest-posts-controller.php(505): WP_REST_Posts_Controller->prepare_item_for_response(Object(WP_Post), Object(WP_REST_Req in /home/dfairwea/public_html/wp-content/themes/anotte-wp/functions.php on line 1283

2020-09-04T03:52:28+00:00 CRITICAL Uncaught Error: Call to a member function get_queried_object() on null in /home/dfairwea/public_html/wp-content/themes/anotte-wp/functions.php:1283
Stack trace:
#0 /home/dfairwea/public_html/wp-includes/shortcodes.php(343): create_breadcrum(Array, '', 'breadcrum')
#1 [internal function]: do_shortcode_tag(Array)
#2 /home/dfairwea/public_html/wp-includes/shortcodes.php(218): preg_replace_callback('/\\[(\\[?)(breadc...', 'do_shortcode_ta...', '\n[breadcrum nam...')
#3 /home/dfairwea/public_html/wp-includes/class-wp-hook.php(287): do_shortcode('\n[breadcrum nam...')
#4 /home/dfairwea/public_html/wp-includes/plugin.php(206): WP_Hook->apply_filters('\n[breadcrum nam...', Array)
#5 /home/dfairwea/public_html/wp-includes/post-template.php(253): apply_filters('the_content', '<!-- wp:paragra...')
#6 /home/dfairwea/public_html/wp-content/plugins/cocobasic-shortcode/templates/page-split.php(17): the_content()
#7 /home/dfairwea/public_html/wp-includes/template-loader.php(106): include('/home/dfairwea/...')
#8 /home/dfairw in /home/dfairwea/public_html/wp-content/themes/anotte-wp/functions.php on line 1283

2020-09-04T03:53:30+00:00 CRITICAL Uncaught Error: Call to a member function get_queried_object() on null in /home/dfairwea/public_html/wp-content/themes/anotte-wp/functions.php:1283
Stack trace:
#0 /home/dfairwea/public_html/wp-includes/shortcodes.php(343): create_breadcrum(Array, '', 'breadcrum')
#1 [internal function]: do_shortcode_tag(Array)
#2 /home/dfairwea/public_html/wp-includes/shortcodes.php(218): preg_replace_callback('/\\[(\\[?)(breadc...', 'do_shortcode_ta...', '\n[breadcrum nam...')
#3 /home/dfairwea/public_html/wp-includes/class-wp-hook.php(287): do_shortcode('\n[breadcrum nam...')
#4 /home/dfairwea/public_html/wp-includes/plugin.php(206): WP_Hook->apply_filters('\n[breadcrum nam...', Array)
#5 /home/dfairwea/public_html/wp-includes/rest-api/endpoints/class-wp-rest-posts-controller.php(1683): apply_filters('the_content', '<!-- wp:paragra...')
#6 /home/dfairwea/public_html/wp-includes/rest-api/endpoints/class-wp-rest-posts-controller.php(505): WP_REST_Posts_Controller->prepare_item_for_response(Object(WP_Post), Object(WP_REST_Req in /home/dfairwea/public_html/wp-content/themes/anotte-wp/functions.php on line 1283

2020-09-04T03:55:06+00:00 CRITICAL Uncaught Error: Call to a member function get_queried_object() on null in /home/dfairwea/public_html/wp-content/themes/anotte-wp/functions.php:1283
Stack trace:
#0 /home/dfairwea/public_html/wp-includes/shortcodes.php(343): create_breadcrum(Array, '', 'breadcrum')
#1 [internal function]: do_shortcode_tag(Array)
#2 /home/dfairwea/public_html/wp-includes/shortcodes.php(218): preg_replace_callback('/\\[(\\[?)(breadc...', 'do_shortcode_ta...', '[breadcrum name...')
#3 /home/dfairwea/public_html/wp-includes/class-wp-hook.php(287): do_shortcode('[breadcrum name...')
#4 /home/dfairwea/public_html/wp-includes/plugin.php(206): WP_Hook->apply_filters('[breadcrum name...', Array)
#5 /home/dfairwea/public_html/wp-includes/post-template.php(253): apply_filters('the_content', '<!-- wp:shortco...')
#6 /home/dfairwea/public_html/wp-content/plugins/cocobasic-shortcode/templates/page-split.php(17): the_content()
#7 /home/dfairwea/public_html/wp-includes/template-loader.php(106): include('/home/dfairwea/...')
#8 /home/dfairwea/ in /home/dfairwea/public_html/wp-content/themes/anotte-wp/functions.php on line 1283

2020-09-04T03:55:22+00:00 CRITICAL Uncaught Error: Call to a member function get_queried_object() on null in /home/dfairwea/public_html/wp-content/themes/anotte-wp/functions.php:1283
Stack trace:
#0 /home/dfairwea/public_html/wp-includes/shortcodes.php(343): create_breadcrum(Array, '', 'breadcrum')
#1 [internal function]: do_shortcode_tag(Array)
#2 /home/dfairwea/public_html/wp-includes/shortcodes.php(218): preg_replace_callback('/\\[(\\[?)(breadc...', 'do_shortcode_ta...', '[breadcrum name...')
#3 /home/dfairwea/public_html/wp-includes/class-wp-hook.php(287): do_shortcode('[breadcrum name...')
#4 /home/dfairwea/public_html/wp-includes/plugin.php(206): WP_Hook->apply_filters('[breadcrum name...', Array)
#5 /home/dfairwea/public_html/wp-includes/post-template.php(253): apply_filters('the_content', '<!-- wp:shortco...')
#6 /home/dfairwea/public_html/wp-content/plugins/cocobasic-shortcode/templates/page-split.php(17): the_content()
#7 /home/dfairwea/public_html/wp-includes/template-loader.php(106): include('/home/dfairwea/...')
#8 /home/dfairwea/ in /home/dfairwea/public_html/wp-content/themes/anotte-wp/functions.php on line 1283

2020-09-04T03:55:36+00:00 CRITICAL Uncaught Error: Call to a member function get_queried_object() on null in /home/dfairwea/public_html/wp-content/themes/anotte-wp/functions.php:1283
Stack trace:
#0 /home/dfairwea/public_html/wp-includes/shortcodes.php(343): create_breadcrum(Array, '', 'breadcrum')
#1 [internal function]: do_shortcode_tag(Array)
#2 /home/dfairwea/public_html/wp-includes/shortcodes.php(218): preg_replace_callback('/\\[(\\[?)(breadc...', 'do_shortcode_ta...', '[breadcrum name...')
#3 /home/dfairwea/public_html/wp-includes/class-wp-hook.php(287): do_shortcode('[breadcrum name...')
#4 /home/dfairwea/public_html/wp-includes/plugin.php(206): WP_Hook->apply_filters('[breadcrum name...', Array)
#5 /home/dfairwea/public_html/wp-includes/post-template.php(253): apply_filters('the_content', '<!-- wp:shortco...')
#6 /home/dfairwea/public_html/wp-content/plugins/cocobasic-shortcode/templates/page-split.php(17): the_content()
#7 /home/dfairwea/public_html/wp-includes/template-loader.php(106): include('/home/dfairwea/...')
#8 /home/dfairwea/ in /home/dfairwea/public_html/wp-content/themes/anotte-wp/functions.php on line 1283

2020-09-04T06:52:15+00:00 CRITICAL Uncaught ArgumentCountError: Too few arguments to function wc_get_endpoint_url(), 0 passed in /home/dfairwea/public_html/wp-content/themes/anotte-wp/woocommerce/myaccount/orders.php on line 23 and at least 1 expected in /home/dfairwea/public_html/wp-content/plugins/woocommerce/includes/wc-page-functions.php:87
Stack trace:
#0 /home/dfairwea/public_html/wp-content/themes/anotte-wp/woocommerce/myaccount/orders.php(23): wc_get_endpoint_url()
#1 /home/dfairwea/public_html/wp-content/plugins/woocommerce/includes/wc-core-functions.php(344): include('/home/dfairwea/...')
#2 /home/dfairwea/public_html/wp-content/plugins/woocommerce/includes/wc-template-functions.php(3121): wc_get_template('myaccount/order...', Array)
#3 /home/dfairwea/public_html/wp-includes/class-wp-hook.php(287): woocommerce_account_orders(1)
#4 /home/dfairwea/public_html/wp-includes/class-wp-hook.php(311): WP_Hook->apply_filters('', Array)
#5 /home/dfairwea/public_html/wp-includes/plugin.php(478): WP_Hook->do_action(Array)
#6 /home/dfairwea/public in /home/dfairwea/public_html/wp-content/plugins/woocommerce/includes/wc-page-functions.php on line 87

2020-09-04T09:21:04+00:00 CRITICAL Uncaught Error: Call to a member function get_id() on null in /home/dfairwea/public_html/wp-content/themes/anotte-wp/page-templates/template-shop.php:15
Stack trace:
#0 /home/dfairwea/public_html/wp-includes/template-loader.php(106): include()
#1 /home/dfairwea/public_html/wp-blog-header.php(19): require_once('/home/dfairwea/...')
#2 /home/dfairwea/public_html/index.php(17): require('/home/dfairwea/...')
#3 {main}
  thrown in /home/dfairwea/public_html/wp-content/themes/anotte-wp/page-templates/template-shop.php on line 15

2020-09-04T09:21:33+00:00 CRITICAL Uncaught Error: Call to a member function get_id() on null in /home/dfairwea/public_html/wp-content/themes/anotte-wp/page-templates/template-shop.php:15
Stack trace:
#0 /home/dfairwea/public_html/wp-includes/template-loader.php(106): include()
#1 /home/dfairwea/public_html/wp-blog-header.php(19): require_once('/home/dfairwea/...')
#2 /home/dfairwea/public_html/index.php(17): require('/home/dfairwea/...')
#3 {main}
  thrown in /home/dfairwea/public_html/wp-content/themes/anotte-wp/page-templates/template-shop.php on line 15

2020-09-04T09:23:09+00:00 CRITICAL Uncaught Error: Call to a member function get_id() on null in /home/dfairwea/public_html/wp-content/themes/anotte-wp/page-templates/template-shop.php:15
Stack trace:
#0 /home/dfairwea/public_html/wp-includes/template-loader.php(106): include()
#1 /home/dfairwea/public_html/wp-blog-header.php(19): require_once('/home/dfairwea/...')
#2 /home/dfairwea/public_html/index.php(17): require('/home/dfairwea/...')
#3 {main}
  thrown in /home/dfairwea/public_html/wp-content/themes/anotte-wp/page-templates/template-shop.php on line 15

2020-09-04T09:23:48+00:00 CRITICAL Uncaught Error: Call to a member function get_id() on null in /home/dfairwea/public_html/wp-content/themes/anotte-wp/page-templates/template-shop.php:15
Stack trace:
#0 /home/dfairwea/public_html/wp-includes/template-loader.php(106): include()
#1 /home/dfairwea/public_html/wp-blog-header.php(19): require_once('/home/dfairwea/...')
#2 /home/dfairwea/public_html/index.php(17): require('/home/dfairwea/...')
#3 {main}
  thrown in /home/dfairwea/public_html/wp-content/themes/anotte-wp/page-templates/template-shop.php on line 15

2020-09-04T09:24:03+00:00 CRITICAL Uncaught Error: Call to a member function get_id() on null in /home/dfairwea/public_html/wp-content/themes/anotte-wp/page-templates/template-shop.php:15
Stack trace:
#0 /home/dfairwea/public_html/wp-includes/template-loader.php(106): include()
#1 /home/dfairwea/public_html/wp-blog-header.php(19): require_once('/home/dfairwea/...')
#2 /home/dfairwea/public_html/index.php(17): require('/home/dfairwea/...')
#3 {main}
  thrown in /home/dfairwea/public_html/wp-content/themes/anotte-wp/page-templates/template-shop.php on line 15

2020-09-04T09:25:42+00:00 CRITICAL Uncaught Error: Call to a member function get_id() on null in /home/dfairwea/public_html/wp-content/themes/anotte-wp/page-templates/template-shop.php:15
Stack trace:
#0 /home/dfairwea/public_html/wp-includes/template-loader.php(106): include()
#1 /home/dfairwea/public_html/wp-blog-header.php(19): require_once('/home/dfairwea/...')
#2 /home/dfairwea/public_html/index.php(17): require('/home/dfairwea/...')
#3 {main}
  thrown in /home/dfairwea/public_html/wp-content/themes/anotte-wp/page-templates/template-shop.php on line 15

2020-09-04T09:26:01+00:00 CRITICAL Uncaught Error: Call to a member function get_id() on null in /home/dfairwea/public_html/wp-content/themes/anotte-wp/page-templates/template-shop.php:15
Stack trace:
#0 /home/dfairwea/public_html/wp-includes/template-loader.php(106): include()
#1 /home/dfairwea/public_html/wp-blog-header.php(19): require_once('/home/dfairwea/...')
#2 /home/dfairwea/public_html/index.php(17): require('/home/dfairwea/...')
#3 {main}
  thrown in /home/dfairwea/public_html/wp-content/themes/anotte-wp/page-templates/template-shop.php on line 15

2020-09-04T09:26:25+00:00 CRITICAL Uncaught Error: Call to a member function get_id() on null in /home/dfairwea/public_html/wp-content/themes/anotte-wp/page-templates/template-shop.php:15
Stack trace:
#0 /home/dfairwea/public_html/wp-includes/template-loader.php(106): include()
#1 /home/dfairwea/public_html/wp-blog-header.php(19): require_once('/home/dfairwea/...')
#2 /home/dfairwea/public_html/index.php(17): require('/home/dfairwea/...')
#3 {main}
  thrown in /home/dfairwea/public_html/wp-content/themes/anotte-wp/page-templates/template-shop.php on line 15

2020-09-04T09:28:03+00:00 CRITICAL Uncaught Error: Call to a member function get_id() on null in /home/dfairwea/public_html/wp-content/themes/anotte-wp/page-templates/template-shop.php:15
Stack trace:
#0 /home/dfairwea/public_html/wp-includes/template-loader.php(106): include()
#1 /home/dfairwea/public_html/wp-blog-header.php(19): require_once('/home/dfairwea/...')
#2 /home/dfairwea/public_html/index.php(17): require('/home/dfairwea/...')
#3 {main}
  thrown in /home/dfairwea/public_html/wp-content/themes/anotte-wp/page-templates/template-shop.php on line 15

2020-09-04T09:28:19+00:00 CRITICAL Uncaught Error: Call to a member function get_id() on null in /home/dfairwea/public_html/wp-content/themes/anotte-wp/page-templates/template-shop.php:15
Stack trace:
#0 /home/dfairwea/public_html/wp-includes/template-loader.php(106): include()
#1 /home/dfairwea/public_html/wp-blog-header.php(19): require_once('/home/dfairwea/...')
#2 /home/dfairwea/public_html/index.php(17): require('/home/dfairwea/...')
#3 {main}
  thrown in /home/dfairwea/public_html/wp-content/themes/anotte-wp/page-templates/template-shop.php on line 15

2020-09-04T19:06:46+00:00 CRITICAL syntax error, unexpected 'endforeach' (T_ENDFOREACH), expecting end of file in /home/dfairwea/public_html/wp-content/themes/anotte-wp/page-templates/template-shop.php on line 72

2020-09-04T19:08:49+00:00 CRITICAL Uncaught Error: Call to a member function have_posts() on array in /home/dfairwea/public_html/wp-content/themes/anotte-wp/page-templates/template-shop.php:60
Stack trace:
#0 /home/dfairwea/public_html/wp-includes/template-loader.php(106): include()
#1 /home/dfairwea/public_html/wp-blog-header.php(19): require_once('/home/dfairwea/...')
#2 /home/dfairwea/public_html/index.php(17): require('/home/dfairwea/...')
#3 {main}
  thrown in /home/dfairwea/public_html/wp-content/themes/anotte-wp/page-templates/template-shop.php on line 60

2020-09-04T19:09:15+00:00 CRITICAL Uncaught Error: Call to a member function have_posts() on array in /home/dfairwea/public_html/wp-content/themes/anotte-wp/page-templates/template-shop.php:60
Stack trace:
#0 /home/dfairwea/public_html/wp-includes/template-loader.php(106): include()
#1 /home/dfairwea/public_html/wp-blog-header.php(19): require_once('/home/dfairwea/...')
#2 /home/dfairwea/public_html/index.php(17): require('/home/dfairwea/...')
#3 {main}
  thrown in /home/dfairwea/public_html/wp-content/themes/anotte-wp/page-templates/template-shop.php on line 60

2020-09-04T19:10:06+00:00 CRITICAL Uncaught Error: Call to a member function have_posts() on array in /home/dfairwea/public_html/wp-content/themes/anotte-wp/page-templates/template-shop.php:60
Stack trace:
#0 /home/dfairwea/public_html/wp-includes/template-loader.php(106): include()
#1 /home/dfairwea/public_html/wp-blog-header.php(19): require_once('/home/dfairwea/...')
#2 /home/dfairwea/public_html/index.php(17): require('/home/dfairwea/...')
#3 {main}
  thrown in /home/dfairwea/public_html/wp-content/themes/anotte-wp/page-templates/template-shop.php on line 60

