2020-09-11T23:41:24+00:00 CRITICAL Uncaught Error: Call to undefined function var_dumo() in /home/dfairwea/public_html/wp-content/themes/anotte-wp/page-templates/template-shop.php:39
Stack trace:
#0 /home/dfairwea/public_html/wp-includes/template-loader.php(106): include()
#1 /home/dfairwea/public_html/wp-blog-header.php(19): require_once('/home/dfairwea/...')
#2 /home/dfairwea/public_html/index.php(17): require('/home/dfairwea/...')
#3 {main}
  thrown in /home/dfairwea/public_html/wp-content/themes/anotte-wp/page-templates/template-shop.php on line 39

2020-09-11T23:41:48+00:00 CRITICAL Uncaught Error: Call to undefined function var_dumo() in /home/dfairwea/public_html/wp-content/themes/anotte-wp/page-templates/template-shop.php:39
Stack trace:
#0 /home/dfairwea/public_html/wp-includes/template-loader.php(106): include()
#1 /home/dfairwea/public_html/wp-blog-header.php(19): require_once('/home/dfairwea/...')
#2 /home/dfairwea/public_html/index.php(17): require('/home/dfairwea/...')
#3 {main}
  thrown in /home/dfairwea/public_html/wp-content/themes/anotte-wp/page-templates/template-shop.php on line 39

2020-09-11T23:42:01+00:00 CRITICAL Uncaught Error: Call to undefined function var_dumo() in /home/dfairwea/public_html/wp-content/themes/anotte-wp/page-templates/template-shop.php:39
Stack trace:
#0 /home/dfairwea/public_html/wp-includes/template-loader.php(106): include()
#1 /home/dfairwea/public_html/wp-blog-header.php(19): require_once('/home/dfairwea/...')
#2 /home/dfairwea/public_html/index.php(17): require('/home/dfairwea/...')
#3 {main}
  thrown in /home/dfairwea/public_html/wp-content/themes/anotte-wp/page-templates/template-shop.php on line 39

2020-09-11T23:42:29+00:00 CRITICAL Uncaught Error: Call to undefined function var_dumo() in /home/dfairwea/public_html/wp-content/themes/anotte-wp/page-templates/template-shop.php:39
Stack trace:
#0 /home/dfairwea/public_html/wp-includes/template-loader.php(106): include()
#1 /home/dfairwea/public_html/wp-blog-header.php(19): require_once('/home/dfairwea/...')
#2 /home/dfairwea/public_html/index.php(17): require('/home/dfairwea/...')
#3 {main}
  thrown in /home/dfairwea/public_html/wp-content/themes/anotte-wp/page-templates/template-shop.php on line 39

2020-09-11T23:42:52+00:00 CRITICAL Uncaught Error: Call to undefined function var_dumo() in /home/dfairwea/public_html/wp-content/themes/anotte-wp/page-templates/template-shop.php:39
Stack trace:
#0 /home/dfairwea/public_html/wp-includes/template-loader.php(106): include()
#1 /home/dfairwea/public_html/wp-blog-header.php(19): require_once('/home/dfairwea/...')
#2 /home/dfairwea/public_html/index.php(17): require('/home/dfairwea/...')
#3 {main}
  thrown in /home/dfairwea/public_html/wp-content/themes/anotte-wp/page-templates/template-shop.php on line 39

