2020-09-14T01:21:59+00:00 CRITICAL Uncaught Error: Call to undefined function do_short() in /home/dfairwea/public_html/wp-content/themes/anotte-wp/page-templates/template-title.php:7
Stack trace:
#0 /home/dfairwea/public_html/wp-includes/template-loader.php(106): include()
#1 /home/dfairwea/public_html/wp-blog-header.php(19): require_once('/home/dfairwea/...')
#2 /home/dfairwea/public_html/index.php(17): require('/home/dfairwea/...')
#3 {main}
  thrown in /home/dfairwea/public_html/wp-content/themes/anotte-wp/page-templates/template-title.php on line 7

2020-09-14T01:22:05+00:00 CRITICAL Uncaught Error: Call to undefined function do_short() in /home/dfairwea/public_html/wp-content/themes/anotte-wp/page-templates/template-title.php:7
Stack trace:
#0 /home/dfairwea/public_html/wp-includes/template-loader.php(106): include()
#1 /home/dfairwea/public_html/wp-blog-header.php(19): require_once('/home/dfairwea/...')
#2 /home/dfairwea/public_html/index.php(17): require('/home/dfairwea/...')
#3 {main}
  thrown in /home/dfairwea/public_html/wp-content/themes/anotte-wp/page-templates/template-title.php on line 7

2020-09-14T01:22:38+00:00 CRITICAL Uncaught Error: Call to undefined function do_short() in /home/dfairwea/public_html/wp-content/themes/anotte-wp/page-templates/template-title.php:7
Stack trace:
#0 /home/dfairwea/public_html/wp-includes/template-loader.php(106): include()
#1 /home/dfairwea/public_html/wp-blog-header.php(19): require_once('/home/dfairwea/...')
#2 /home/dfairwea/public_html/index.php(17): require('/home/dfairwea/...')
#3 {main}
  thrown in /home/dfairwea/public_html/wp-content/themes/anotte-wp/page-templates/template-title.php on line 7

2020-09-14T01:31:32+00:00 CRITICAL syntax error, unexpected '?>', expecting '(' in /home/dfairwea/public_html/wp-content/themes/anotte-wp/page-templates/template-title.php on line 13

2020-09-14T01:31:35+00:00 CRITICAL syntax error, unexpected '?>', expecting '(' in /home/dfairwea/public_html/wp-content/themes/anotte-wp/page-templates/template-title.php on line 13

2020-09-14T01:31:47+00:00 CRITICAL syntax error, unexpected '?>', expecting '(' in /home/dfairwea/public_html/wp-content/themes/anotte-wp/page-templates/template-title.php on line 13

2020-09-14T01:31:58+00:00 CRITICAL syntax error, unexpected '?>', expecting '(' in /home/dfairwea/public_html/wp-content/themes/anotte-wp/page-templates/template-title.php on line 13

2020-09-14T01:32:07+00:00 CRITICAL syntax error, unexpected '?>', expecting '(' in /home/dfairwea/public_html/wp-content/themes/anotte-wp/page-templates/template-title.php on line 13

2020-09-14T01:32:11+00:00 CRITICAL syntax error, unexpected '?>', expecting '(' in /home/dfairwea/public_html/wp-content/themes/anotte-wp/page-templates/template-title.php on line 13

2020-09-14T01:32:13+00:00 CRITICAL syntax error, unexpected '?>', expecting '(' in /home/dfairwea/public_html/wp-content/themes/anotte-wp/page-templates/template-title.php on line 13

