2020-09-03T06:38:28+00:00 CRITICAL Uncaught Error: Call to undefined function cocobasic_allowed_html() in /home/dfairwea/public_html/wp-content/themes/anotte-wp/header.php:104
Stack trace:
#0 /home/dfairwea/public_html/wp-includes/template.php(730): require_once()
#1 /home/dfairwea/public_html/wp-includes/template.php(676): load_template('/home/dfairwea/...', true, Array)
#2 /home/dfairwea/public_html/wp-includes/general-template.php(48): locate_template(Array, true, true, Array)
#3 /home/dfairwea/public_html/wp-content/themes/anotte-wp/page.php(1): get_header()
#4 /home/dfairwea/public_html/wp-includes/template-loader.php(106): include('/home/dfairwea/...')
#5 /home/dfairwea/public_html/wp-blog-header.php(19): require_once('/home/dfairwea/...')
#6 /home/dfairwea/public_html/index.php(17): require('/home/dfairwea/...')
#7 {main}
  thrown in /home/dfairwea/public_html/wp-content/themes/anotte-wp/header.php on line 104

2020-09-03T07:10:39+00:00 CRITICAL Uncaught Error: Cannot use object of type WP_Term as array in /home/dfairwea/public_html/wp-content/themes/anotte-wp/woocommerce/loop/loop-start.php:24
Stack trace:
#0 /home/dfairwea/public_html/wp-content/plugins/woocommerce/includes/wc-core-functions.php(344): include()
#1 /home/dfairwea/public_html/wp-content/plugins/woocommerce/includes/wc-template-functions.php(1115): wc_get_template('loop/loop-start...')
#2 /home/dfairwea/public_html/wp-content/themes/anotte-wp/woocommerce/archive-product.php(45): woocommerce_product_loop_start()
#3 /home/dfairwea/public_html/wp-content/plugins/woocommerce/includes/wc-core-functions.php(344): include('/home/dfairwea/...')
#4 /home/dfairwea/public_html/wp-content/themes/anotte-wp/woocommerce/taxonomy-product_cat.php(22): wc_get_template('archive-product...')
#5 /home/dfairwea/public_html/wp-includes/template-loader.php(106): include('/home/dfairwea/...')
#6 /home/dfairwea/public_html/wp-blog-header.php(19): require_once('/home/dfairwea/...')
#7 /home/dfairwea/public_html in /home/dfairwea/public_html/wp-content/themes/anotte-wp/woocommerce/loop/loop-start.php on line 24

2020-09-03T07:11:10+00:00 CRITICAL Uncaught Error: Cannot use object of type WP_Term as array in /home/dfairwea/public_html/wp-content/themes/anotte-wp/woocommerce/loop/loop-start.php:24
Stack trace:
#0 /home/dfairwea/public_html/wp-content/plugins/woocommerce/includes/wc-core-functions.php(344): include()
#1 /home/dfairwea/public_html/wp-content/plugins/woocommerce/includes/wc-template-functions.php(1115): wc_get_template('loop/loop-start...')
#2 /home/dfairwea/public_html/wp-content/themes/anotte-wp/woocommerce/archive-product.php(45): woocommerce_product_loop_start()
#3 /home/dfairwea/public_html/wp-content/plugins/woocommerce/includes/wc-core-functions.php(344): include('/home/dfairwea/...')
#4 /home/dfairwea/public_html/wp-content/themes/anotte-wp/woocommerce/taxonomy-product_cat.php(22): wc_get_template('archive-product...')
#5 /home/dfairwea/public_html/wp-includes/template-loader.php(106): include('/home/dfairwea/...')
#6 /home/dfairwea/public_html/wp-blog-header.php(19): require_once('/home/dfairwea/...')
#7 /home/dfairwea/public_html in /home/dfairwea/public_html/wp-content/themes/anotte-wp/woocommerce/loop/loop-start.php on line 24

2020-09-03T10:09:19+00:00 CRITICAL Uncaught Error: Call to undefined function cocobasic_allowed_html() in /home/dfairwea/public_html/wp-content/themes/anotte-wp/header.php:104
Stack trace:
#0 /home/dfairwea/public_html/wp-includes/template.php(730): require_once()
#1 /home/dfairwea/public_html/wp-includes/template.php(676): load_template('/home/dfairwea/...', true, Array)
#2 /home/dfairwea/public_html/wp-includes/general-template.php(48): locate_template(Array, true, true, Array)
#3 /home/dfairwea/public_html/wp-content/themes/anotte-wp/page.php(1): get_header()
#4 /home/dfairwea/public_html/wp-includes/template-loader.php(106): include('/home/dfairwea/...')
#5 /home/dfairwea/public_html/wp-blog-header.php(19): require_once('/home/dfairwea/...')
#6 /home/dfairwea/public_html/index.php(17): require('/home/dfairwea/...')
#7 {main}
  thrown in /home/dfairwea/public_html/wp-content/themes/anotte-wp/header.php on line 104

