2020-09-18T03:09:49+00:00 CRITICAL Cannot redeclare general_settings_shop_phone() (previously declared in /home/dfairwea/public_html/wp-content/themes/anotte-wp/functions.php:1496) in /home/dfairwea/public_html/wp-content/themes/anotte-wp/functions.php on line 1632

2020-09-18T03:09:56+00:00 CRITICAL Cannot redeclare general_settings_shop_phone() (previously declared in /home/dfairwea/public_html/wp-content/themes/anotte-wp/functions.php:1496) in /home/dfairwea/public_html/wp-content/themes/anotte-wp/functions.php on line 1632

2020-09-18T03:10:13+00:00 CRITICAL Cannot redeclare general_settings_shop_phone() (previously declared in /home/dfairwea/public_html/wp-content/themes/anotte-wp/functions.php:1496) in /home/dfairwea/public_html/wp-content/themes/anotte-wp/functions.php on line 1632

2020-09-18T08:34:10+00:00 CRITICAL Uncaught Error: Call to undefined function wc_get_price() in /home/dfairwea/public_html/wp-content/themes/anotte-wp/woocommerce/content-product.php:84
Stack trace:
#0 /home/dfairwea/public_html/wp-includes/template.php(732): require()
#1 /home/dfairwea/public_html/wp-content/plugins/woocommerce/includes/wc-core-functions.php(283): load_template('/home/dfairwea/...', false)
#2 /home/dfairwea/public_html/wp-content/themes/anotte-wp/woocommerce/archive-product.php(62): wc_get_template_part('content', 'product')
#3 /home/dfairwea/public_html/wp-content/plugins/woocommerce/includes/wc-core-functions.php(344): include('/home/dfairwea/...')
#4 /home/dfairwea/public_html/wp-content/themes/anotte-wp/woocommerce/taxonomy-product_cat.php(22): wc_get_template('archive-product...')
#5 /home/dfairwea/public_html/wp-includes/template-loader.php(106): include('/home/dfairwea/...')
#6 /home/dfairwea/public_html/wp-blog-header.php(19): require_once('/home/dfairwea/...')
#7 /home/dfairwea/public_html/index.php(17): require('/ho in /home/dfairwea/public_html/wp-content/themes/anotte-wp/woocommerce/content-product.php on line 84

2020-09-18T08:34:35+00:00 CRITICAL Uncaught Error: Call to undefined function wc_get_price() in /home/dfairwea/public_html/wp-content/themes/anotte-wp/woocommerce/content-product.php:84
Stack trace:
#0 /home/dfairwea/public_html/wp-includes/template.php(732): require()
#1 /home/dfairwea/public_html/wp-content/plugins/woocommerce/includes/wc-core-functions.php(283): load_template('/home/dfairwea/...', false)
#2 /home/dfairwea/public_html/wp-content/themes/anotte-wp/woocommerce/archive-product.php(62): wc_get_template_part('content', 'product')
#3 /home/dfairwea/public_html/wp-content/plugins/woocommerce/includes/wc-core-functions.php(344): include('/home/dfairwea/...')
#4 /home/dfairwea/public_html/wp-content/themes/anotte-wp/woocommerce/taxonomy-product_cat.php(22): wc_get_template('archive-product...')
#5 /home/dfairwea/public_html/wp-includes/template-loader.php(106): include('/home/dfairwea/...')
#6 /home/dfairwea/public_html/wp-blog-header.php(19): require_once('/home/dfairwea/...')
#7 /home/dfairwea/public_html/index.php(17): require('/ho in /home/dfairwea/public_html/wp-content/themes/anotte-wp/woocommerce/content-product.php on line 84

2020-09-18T08:35:53+00:00 CRITICAL Uncaught Error: Call to undefined function wc_get_price() in /home/dfairwea/public_html/wp-content/themes/anotte-wp/woocommerce/content-product.php:84
Stack trace:
#0 /home/dfairwea/public_html/wp-includes/template.php(732): require()
#1 /home/dfairwea/public_html/wp-content/plugins/woocommerce/includes/wc-core-functions.php(283): load_template('/home/dfairwea/...', false)
#2 /home/dfairwea/public_html/wp-content/themes/anotte-wp/woocommerce/archive-product.php(62): wc_get_template_part('content', 'product')
#3 /home/dfairwea/public_html/wp-content/plugins/woocommerce/includes/wc-core-functions.php(344): include('/home/dfairwea/...')
#4 /home/dfairwea/public_html/wp-content/themes/anotte-wp/woocommerce/taxonomy-product_cat.php(22): wc_get_template('archive-product...')
#5 /home/dfairwea/public_html/wp-includes/template-loader.php(106): include('/home/dfairwea/...')
#6 /home/dfairwea/public_html/wp-blog-header.php(19): require_once('/home/dfairwea/...')
#7 /home/dfairwea/public_html/index.php(17): require('/ho in /home/dfairwea/public_html/wp-content/themes/anotte-wp/woocommerce/content-product.php on line 84

