2020-09-10T03:14:58+00:00 CRITICAL syntax error, unexpected '$posts' (T_VARIABLE), expecting ',' or ';' in /home/dfairwea/public_html/wp-content/themes/anotte-wp/functions.php on line 1681

2020-09-10T03:14:59+00:00 CRITICAL syntax error, unexpected '$posts' (T_VARIABLE), expecting ',' or ';' in /home/dfairwea/public_html/wp-content/themes/anotte-wp/functions.php on line 1681

2020-09-10T03:15:28+00:00 CRITICAL syntax error, unexpected '$posts' (T_VARIABLE), expecting ',' or ';' in /home/dfairwea/public_html/wp-content/themes/anotte-wp/functions.php on line 1681

2020-09-10T06:42:44+00:00 CRITICAL syntax error, unexpected 'endif' (T_ENDIF) in /home/dfairwea/public_html/wp-content/themes/anotte-wp/functions.php on line 1711

2020-09-10T06:42:45+00:00 CRITICAL syntax error, unexpected 'endif' (T_ENDIF) in /home/dfairwea/public_html/wp-content/themes/anotte-wp/functions.php on line 1711

2020-09-10T06:42:48+00:00 CRITICAL syntax error, unexpected 'endif' (T_ENDIF) in /home/dfairwea/public_html/wp-content/themes/anotte-wp/functions.php on line 1711

2020-09-10T06:42:49+00:00 CRITICAL syntax error, unexpected 'endif' (T_ENDIF) in /home/dfairwea/public_html/wp-content/themes/anotte-wp/functions.php on line 1711

2020-09-10T06:43:26+00:00 CRITICAL syntax error, unexpected 'endif' (T_ENDIF) in /home/dfairwea/public_html/wp-content/themes/anotte-wp/functions.php on line 1711

2020-09-10T06:43:54+00:00 CRITICAL syntax error, unexpected 'endif' (T_ENDIF) in /home/dfairwea/public_html/wp-content/themes/anotte-wp/functions.php on line 1711

2020-09-10T06:43:55+00:00 CRITICAL syntax error, unexpected 'endif' (T_ENDIF) in /home/dfairwea/public_html/wp-content/themes/anotte-wp/functions.php on line 1711

2020-09-10T06:44:31+00:00 CRITICAL syntax error, unexpected 'endif' (T_ENDIF) in /home/dfairwea/public_html/wp-content/themes/anotte-wp/functions.php on line 1711

2020-09-10T06:44:35+00:00 CRITICAL syntax error, unexpected 'endif' (T_ENDIF) in /home/dfairwea/public_html/wp-content/themes/anotte-wp/functions.php on line 1711

2020-09-10T06:46:22+00:00 CRITICAL syntax error, unexpected 'endif' (T_ENDIF) in /home/dfairwea/public_html/wp-content/themes/anotte-wp/functions.php on line 1711

2020-09-10T06:46:23+00:00 CRITICAL syntax error, unexpected 'endif' (T_ENDIF) in /home/dfairwea/public_html/wp-content/themes/anotte-wp/functions.php on line 1711

2020-09-10T06:46:47+00:00 CRITICAL syntax error, unexpected 'endif' (T_ENDIF) in /home/dfairwea/public_html/wp-content/themes/anotte-wp/functions.php on line 1711

2020-09-10T06:46:51+00:00 CRITICAL syntax error, unexpected 'endif' (T_ENDIF) in /home/dfairwea/public_html/wp-content/themes/anotte-wp/functions.php on line 1711

2020-09-10T06:46:54+00:00 CRITICAL syntax error, unexpected 'endif' (T_ENDIF) in /home/dfairwea/public_html/wp-content/themes/anotte-wp/functions.php on line 1711

2020-09-10T06:48:24+00:00 CRITICAL Uncaught Error: Call to undefined function cocobasic_allowed_html() in /home/dfairwea/public_html/wp-content/themes/anotte-wp/header.php:104
Stack trace:
#0 /home/dfairwea/public_html/wp-includes/template.php(730): require_once()
#1 /home/dfairwea/public_html/wp-includes/template.php(676): load_template('/home/dfairwea/...', true, Array)
#2 /home/dfairwea/public_html/wp-includes/general-template.php(48): locate_template(Array, true, true, Array)
#3 /home/dfairwea/public_html/wp-content/themes/anotte-wp/404.php(1): get_header()
#4 /home/dfairwea/public_html/wp-includes/template-loader.php(106): include('/home/dfairwea/...')
#5 /home/dfairwea/public_html/wp-blog-header.php(19): require_once('/home/dfairwea/...')
#6 /home/dfairwea/public_html/index.php(17): require('/home/dfairwea/...')
#7 {main}
  thrown in /home/dfairwea/public_html/wp-content/themes/anotte-wp/header.php on line 104

2020-09-10T06:48:27+00:00 CRITICAL syntax error, unexpected 'endif' (T_ENDIF) in /home/dfairwea/public_html/wp-content/themes/anotte-wp/functions.php on line 1711

2020-09-10T06:48:31+00:00 CRITICAL syntax error, unexpected 'endif' (T_ENDIF) in /home/dfairwea/public_html/wp-content/themes/anotte-wp/functions.php on line 1711

2020-09-10T06:48:33+00:00 CRITICAL syntax error, unexpected 'endif' (T_ENDIF) in /home/dfairwea/public_html/wp-content/themes/anotte-wp/functions.php on line 1711

2020-09-10T06:48:33+00:00 CRITICAL syntax error, unexpected 'endif' (T_ENDIF) in /home/dfairwea/public_html/wp-content/themes/anotte-wp/functions.php on line 1711

2020-09-10T06:48:34+00:00 CRITICAL syntax error, unexpected 'endif' (T_ENDIF) in /home/dfairwea/public_html/wp-content/themes/anotte-wp/functions.php on line 1711

2020-09-10T06:48:34+00:00 CRITICAL syntax error, unexpected 'endif' (T_ENDIF) in /home/dfairwea/public_html/wp-content/themes/anotte-wp/functions.php on line 1711

2020-09-10T06:48:35+00:00 CRITICAL syntax error, unexpected 'endif' (T_ENDIF) in /home/dfairwea/public_html/wp-content/themes/anotte-wp/functions.php on line 1711

2020-09-10T06:48:36+00:00 CRITICAL syntax error, unexpected 'endif' (T_ENDIF) in /home/dfairwea/public_html/wp-content/themes/anotte-wp/functions.php on line 1711

2020-09-10T06:48:36+00:00 CRITICAL syntax error, unexpected 'endif' (T_ENDIF) in /home/dfairwea/public_html/wp-content/themes/anotte-wp/functions.php on line 1711

2020-09-10T06:48:37+00:00 CRITICAL syntax error, unexpected 'endif' (T_ENDIF) in /home/dfairwea/public_html/wp-content/themes/anotte-wp/functions.php on line 1711

2020-09-10T06:48:38+00:00 CRITICAL syntax error, unexpected 'endif' (T_ENDIF) in /home/dfairwea/public_html/wp-content/themes/anotte-wp/functions.php on line 1711

2020-09-10T06:48:38+00:00 CRITICAL syntax error, unexpected 'endif' (T_ENDIF) in /home/dfairwea/public_html/wp-content/themes/anotte-wp/functions.php on line 1711

2020-09-10T06:48:39+00:00 CRITICAL syntax error, unexpected 'endif' (T_ENDIF) in /home/dfairwea/public_html/wp-content/themes/anotte-wp/functions.php on line 1711

2020-09-10T09:28:06+00:00 CRITICAL Uncaught ArgumentCountError: Too few arguments to function create_breadcrum(), 0 passed in /home/dfairwea/public_html/wp-content/themes/anotte-wp/page-templates/template-shop.php on line 53 and at least 1 expected in /home/dfairwea/public_html/wp-content/themes/anotte-wp/functions.php:1374
Stack trace:
#0 /home/dfairwea/public_html/wp-content/themes/anotte-wp/page-templates/template-shop.php(53): create_breadcrum()
#1 /home/dfairwea/public_html/wp-includes/template-loader.php(106): include('/home/dfairwea/...')
#2 /home/dfairwea/public_html/wp-blog-header.php(19): require_once('/home/dfairwea/...')
#3 /home/dfairwea/public_html/index.php(17): require('/home/dfairwea/...')
#4 {main}
  thrown in /home/dfairwea/public_html/wp-content/themes/anotte-wp/functions.php on line 1374

2020-09-10T09:28:29+00:00 CRITICAL Uncaught ArgumentCountError: Too few arguments to function create_breadcrum(), 0 passed in /home/dfairwea/public_html/wp-content/themes/anotte-wp/page-templates/template-shop.php on line 53 and at least 1 expected in /home/dfairwea/public_html/wp-content/themes/anotte-wp/functions.php:1374
Stack trace:
#0 /home/dfairwea/public_html/wp-content/themes/anotte-wp/page-templates/template-shop.php(53): create_breadcrum()
#1 /home/dfairwea/public_html/wp-includes/template-loader.php(106): include('/home/dfairwea/...')
#2 /home/dfairwea/public_html/wp-blog-header.php(19): require_once('/home/dfairwea/...')
#3 /home/dfairwea/public_html/index.php(17): require('/home/dfairwea/...')
#4 {main}
  thrown in /home/dfairwea/public_html/wp-content/themes/anotte-wp/functions.php on line 1374

2020-09-10T09:28:32+00:00 CRITICAL Uncaught ArgumentCountError: Too few arguments to function create_breadcrum(), 0 passed in /home/dfairwea/public_html/wp-content/themes/anotte-wp/page-templates/template-shop.php on line 53 and at least 1 expected in /home/dfairwea/public_html/wp-content/themes/anotte-wp/functions.php:1374
Stack trace:
#0 /home/dfairwea/public_html/wp-content/themes/anotte-wp/page-templates/template-shop.php(53): create_breadcrum()
#1 /home/dfairwea/public_html/wp-includes/template-loader.php(106): include('/home/dfairwea/...')
#2 /home/dfairwea/public_html/wp-blog-header.php(19): require_once('/home/dfairwea/...')
#3 /home/dfairwea/public_html/index.php(17): require('/home/dfairwea/...')
#4 {main}
  thrown in /home/dfairwea/public_html/wp-content/themes/anotte-wp/functions.php on line 1374

2020-09-10T09:29:35+00:00 CRITICAL Uncaught ArgumentCountError: Too few arguments to function create_breadcrum(), 0 passed in /home/dfairwea/public_html/wp-content/themes/anotte-wp/page-templates/template-shop.php on line 53 and at least 1 expected in /home/dfairwea/public_html/wp-content/themes/anotte-wp/functions.php:1374
Stack trace:
#0 /home/dfairwea/public_html/wp-content/themes/anotte-wp/page-templates/template-shop.php(53): create_breadcrum()
#1 /home/dfairwea/public_html/wp-includes/template-loader.php(106): include('/home/dfairwea/...')
#2 /home/dfairwea/public_html/wp-blog-header.php(19): require_once('/home/dfairwea/...')
#3 /home/dfairwea/public_html/index.php(17): require('/home/dfairwea/...')
#4 {main}
  thrown in /home/dfairwea/public_html/wp-content/themes/anotte-wp/functions.php on line 1374

2020-09-10T09:29:57+00:00 CRITICAL Uncaught ArgumentCountError: Too few arguments to function create_breadcrum(), 0 passed in /home/dfairwea/public_html/wp-content/themes/anotte-wp/page-templates/template-shop.php on line 53 and at least 1 expected in /home/dfairwea/public_html/wp-content/themes/anotte-wp/functions.php:1374
Stack trace:
#0 /home/dfairwea/public_html/wp-content/themes/anotte-wp/page-templates/template-shop.php(53): create_breadcrum()
#1 /home/dfairwea/public_html/wp-includes/template-loader.php(106): include('/home/dfairwea/...')
#2 /home/dfairwea/public_html/wp-blog-header.php(19): require_once('/home/dfairwea/...')
#3 /home/dfairwea/public_html/index.php(17): require('/home/dfairwea/...')
#4 {main}
  thrown in /home/dfairwea/public_html/wp-content/themes/anotte-wp/functions.php on line 1374

2020-09-10T09:36:19+00:00 CRITICAL Uncaught ArgumentCountError: Too few arguments to function create_breadcrum(), 0 passed in /home/dfairwea/public_html/wp-content/themes/anotte-wp/page-templates/template-shop.php on line 53 and at least 1 expected in /home/dfairwea/public_html/wp-content/themes/anotte-wp/functions.php:1374
Stack trace:
#0 /home/dfairwea/public_html/wp-content/themes/anotte-wp/page-templates/template-shop.php(53): create_breadcrum()
#1 /home/dfairwea/public_html/wp-includes/template-loader.php(106): include('/home/dfairwea/...')
#2 /home/dfairwea/public_html/wp-blog-header.php(19): require_once('/home/dfairwea/...')
#3 /home/dfairwea/public_html/index.php(17): require('/home/dfairwea/...')
#4 {main}
  thrown in /home/dfairwea/public_html/wp-content/themes/anotte-wp/functions.php on line 1374

2020-09-10T09:36:52+00:00 CRITICAL Uncaught ArgumentCountError: Too few arguments to function create_breadcrum(), 0 passed in /home/dfairwea/public_html/wp-content/themes/anotte-wp/page-templates/template-shop.php on line 53 and at least 1 expected in /home/dfairwea/public_html/wp-content/themes/anotte-wp/functions.php:1374
Stack trace:
#0 /home/dfairwea/public_html/wp-content/themes/anotte-wp/page-templates/template-shop.php(53): create_breadcrum()
#1 /home/dfairwea/public_html/wp-includes/template-loader.php(106): include('/home/dfairwea/...')
#2 /home/dfairwea/public_html/wp-blog-header.php(19): require_once('/home/dfairwea/...')
#3 /home/dfairwea/public_html/index.php(17): require('/home/dfairwea/...')
#4 {main}
  thrown in /home/dfairwea/public_html/wp-content/themes/anotte-wp/functions.php on line 1374

2020-09-10T10:15:14+00:00 CRITICAL Uncaught Error: Call to undefined function cocobasic_allowed_html() in /home/dfairwea/public_html/wp-content/themes/anotte-wp/header.php:104
Stack trace:
#0 /home/dfairwea/public_html/wp-includes/template.php(730): require_once()
#1 /home/dfairwea/public_html/wp-includes/template.php(676): load_template('/home/dfairwea/...', true, Array)
#2 /home/dfairwea/public_html/wp-includes/general-template.php(48): locate_template(Array, true, true, Array)
#3 /home/dfairwea/public_html/wp-content/themes/anotte-wp/single.php(2): get_header()
#4 /home/dfairwea/public_html/wp-includes/template-loader.php(106): include('/home/dfairwea/...')
#5 /home/dfairwea/public_html/wp-blog-header.php(19): require_once('/home/dfairwea/...')
#6 /home/dfairwea/public_html/index.php(17): require('/home/dfairwea/...')
#7 {main}
  thrown in /home/dfairwea/public_html/wp-content/themes/anotte-wp/header.php on line 104

